<?xml version="1.0" encoding="UTF-8"?>
<!-- Generated by org.testng.reporters.JUnitXMLReporter -->
<testsuite ignored="0" hostname="DhruvPrajapati" failures="0" tests="1" name="Test" time="0.787" errors="0" timestamp="2026-01-23T15:40:50 IST">
  <testcase classname="base.BaseTestAdmin" name="@BeforeClass setup" time="0.728">
    <failure type="java.lang.RuntimeException" message="Admin token not available. Run Verify_OTP test first.">
      <![CDATA[java.lang.RuntimeException: Admin token not available. Run Verify_OTP test first.
at endPoints.AuthManagerAdmin.getToken(AuthManagerAdmin.java:14)
at base.BaseTestAdmin.setup(BaseTestAdmin.java:20)
at java.base/java.util.ArrayList.forEach(ArrayList.java:1596)
... Removed 23 stack frames]]>
    </failure>
  </testcase> <!-- @BeforeClass setup -->
  <testcase classname="testAdmin.Get_Admin_Profile" name="getAdminProfile" time="0.0">
    <skipped/>
  </testcase> <!-- getAdminProfile -->
</testsuite> <!-- Test -->
