<?xml version="1.0" encoding="UTF-8"?>
<testng-results ignored="0" total="2" passed="2" failed="0" skipped="0">
  <reporter-output>
  </reporter-output>
  <suite started-at="2026-02-05T16:35:01 IST" name="Suite" finished-at="2026-02-05T16:35:09 IST" duration-ms="7583">
    <groups>
    </groups>
    <test started-at="2026-02-05T16:35:01 IST" name="Test" finished-at="2026-02-05T16:35:09 IST" duration-ms="7583">
      <class name="test.LogOut">
        <test-method is-config="true" signature="setup()[pri:0, instance:test.LogOut@59f63e24]" started-at="2026-02-05T16:35:08 IST" name="setup" finished-at="2026-02-05T16:35:08 IST" duration-ms="1" status="PASS">
          <reporter-output>
          </reporter-output>
        </test-method> <!-- setup -->
        <test-method signature="logOut()[pri:0, instance:test.LogOut@59f63e24]" started-at="2026-02-05T16:35:08 IST" name="logOut" finished-at="2026-02-05T16:35:09 IST" duration-ms="733" status="PASS">
          <reporter-output>
          </reporter-output>
        </test-method> <!-- logOut -->
      </class> <!-- test.LogOut -->
      <class name="test.Login">
        <test-method is-config="true" signature="setup()[pri:0, instance:test.Login@53d102a2]" started-at="2026-02-05T16:35:01 IST" name="setup" finished-at="2026-02-05T16:35:06 IST" duration-ms="4827" status="PASS">
          <reporter-output>
          </reporter-output>
        </test-method> <!-- setup -->
        <test-method signature="loginWithValidCredentials()[pri:0, instance:test.Login@53d102a2]" started-at="2026-02-05T16:35:06 IST" name="loginWithValidCredentials" finished-at="2026-02-05T16:35:08 IST" duration-ms="1752" status="PASS">
          <reporter-output>
          </reporter-output>
        </test-method> <!-- loginWithValidCredentials -->
      </class> <!-- test.Login -->
    </test> <!-- Test -->
  </suite> <!-- Suite -->
</testng-results>
