<?xml version="1.0" encoding="UTF-8"?>
<testng-results ignored="0" total="1" passed="1" failed="0" skipped="0">
  <reporter-output>
  </reporter-output>
  <suite started-at="2026-02-05T10:25:17 IST" name="Suite" finished-at="2026-02-05T10:25:23 IST" duration-ms="5443">
    <groups>
    </groups>
    <test started-at="2026-02-05T10:25:17 IST" name="Test" finished-at="2026-02-05T10:25:23 IST" duration-ms="5443">
      <class name="test.LogOut">
        <test-method is-config="true" signature="setup()[pri:0, instance:test.LogOut@233795b6]" started-at="2026-02-05T10:25:17 IST" name="setup" finished-at="2026-02-05T10:25:22 IST" duration-ms="4328" status="PASS">
          <reporter-output>
          </reporter-output>
        </test-method> <!-- setup -->
        <test-method signature="logOut()[pri:0, instance:test.LogOut@233795b6]" started-at="2026-02-05T10:25:22 IST" name="logOut" finished-at="2026-02-05T10:25:23 IST" duration-ms="799" status="PASS">
          <reporter-output>
          </reporter-output>
        </test-method> <!-- logOut -->
      </class> <!-- test.LogOut -->
    </test> <!-- Test -->
  </suite> <!-- Suite -->
</testng-results>
