<?xml version="1.0" encoding="UTF-8"?>
<testng-results ignored="0" total="1" passed="1" failed="0" skipped="0">
  <reporter-output>
  </reporter-output>
  <suite started-at="2026-01-22T18:24:06 IST" name="Suite" finished-at="2026-01-22T18:24:11 IST" duration-ms="5487">
    <groups>
    </groups>
    <test started-at="2026-01-22T18:24:06 IST" name="Test" finished-at="2026-01-22T18:24:11 IST" duration-ms="5487">
      <class name="test.Like_Unlike_Post">
        <test-method is-config="true" signature="setup()[pri:0, instance:test.Like_Unlike_Post@6cf0e0ba]" started-at="2026-01-22T18:24:06 IST" name="setup" finished-at="2026-01-22T18:24:11 IST" duration-ms="4639" status="PASS">
          <reporter-output>
          </reporter-output>
        </test-method> <!-- setup -->
        <test-method signature="likeUnlike()[pri:0, instance:test.Like_Unlike_Post@6cf0e0ba]" started-at="2026-01-22T18:24:11 IST" name="likeUnlike" finished-at="2026-01-22T18:24:11 IST" duration-ms="794" status="PASS">
          <reporter-output>
          </reporter-output>
        </test-method> <!-- likeUnlike -->
      </class> <!-- test.Like_Unlike_Post -->
    </test> <!-- Test -->
  </suite> <!-- Suite -->
</testng-results>
